# JRE version: OpenJDK Runtime Environment Temurin-17.0.10+7 (17.0.10+7) (build 17.0.10+7)
# Java VM: OpenJDK 64-Bit Server VM Temurin-17.0.10+7 (17.0.10+7, mixed mode, emulated-client, tiered, compressed oops, compressed class ptrs, g1 gc, windows-amd64)
GC Precious Log:
 CPUs: 12 total, 12 available
 Memory: 7562M
 Large Page Support: Disabled
 NUMA Support: Disabled
 Compressed Oops: Enabled (32-bit)
 Heap Region Size: 1M
 Heap Min Capacity: 8M
 Heap Initial Capacity: 120M
 Heap Max Capacity: 1G
 Pre-touch: Disabled
 Parallel Workers: 10
 Concurrent Workers: 3
 Concurrent Refinement Workers: 10
 Periodic GC: Disabled
Heap:
 garbage-first heap   total 76800K, used 36319K [0x00000000c0000000, 0x0000000100000000)
  region size 1024K, 1 young (1024K), 0 survivors (0K)
 Metaspace       used 58923K, committed 59456K, reserved 1114112K
  class space    used 7320K, committed 7552K, reserved 1048576K
GC Heap History (20 events):
Event: 412.811 GC heap before
{Heap before GC invocations=49 (full 31):
 garbage-first heap   total 76800K, used 36834K [0x00000000c0000000, 0x0000000100000000)
  region size 1024K, 1 young (1024K), 0 survivors (0K)
 Metaspace       used 58912K, committed 59456K, reserved 1114112K
  class space    used 7316K, committed 7552K, reserved 1048576K
}
Event: 412.837 GC heap after
{Heap after GC invocations=50 (full 32):
 garbage-first heap   total 76800K, used 36834K [0x00000000c0000000, 0x0000000100000000)
  region size 1024K, 0 young (0K), 0 survivors (0K)
 Metaspace       used 58912K, committed 59456K, reserved 1114112K
  class space    used 7316K, committed 7552K, reserved 1048576K
}
Event: 422.959 GC heap before
{Heap before GC invocations=50 (full 32):
 garbage-first heap   total 76800K, used 36834K [0x00000000c0000000, 0x0000000100000000)
  region size 1024K, 1 young (1024K), 0 survivors (0K)
 Metaspace       used 58912K, committed 59456K, reserved 1114112K
  class space    used 7316K, committed 7552K, reserved 1048576K
}
Event: 422.988 GC heap after
{Heap after GC invocations=51 (full 33):
 garbage-first heap   total 76800K, used 36834K [0x00000000c0000000, 0x0000000100000000)
  region size 1024K, 0 young (0K), 0 survivors (0K)
 Metaspace       used 58912K, committed 59456K, reserved 1114112K
  class space    used 7316K, committed 7552K, reserved 1048576K
}
Event: 433.110 GC heap before
{Heap before GC invocations=51 (full 33):
 garbage-first heap   total 76800K, used 36834K [0x00000000c0000000, 0x0000000100000000)
  region size 1024K, 1 young (1024K), 0 survivors (0K)
 Metaspace       used 58912K, committed 59456K, reserved 1114112K
  class space    used 7316K, committed 7552K, reserved 1048576K
}
Event: 433.138 GC heap after
{Heap after GC invocations=52 (full 34):
 garbage-first heap   total 76800K, used 36834K [0x00000000c0000000, 0x0000000100000000)
  region size 1024K, 0 young (0K), 0 survivors (0K)
 Metaspace       used 58912K, committed 59456K, reserved 1114112K
  class space    used 7316K, committed 7552K, reserved 1048576K
}
Event: 443.247 GC heap before
{Heap before GC invocations=52 (full 34):
 garbage-first heap   total 76800K, used 36834K [0x00000000c0000000, 0x0000000100000000)
  region size 1024K, 1 young (1024K), 0 survivors (0K)
 Metaspace       used 58912K, committed 59456K, reserved 1114112K
  class space    used 7316K, committed 7552K, reserved 1048576K
}
Event: 443.275 GC heap after
{Heap after GC invocations=53 (full 35):
 garbage-first heap   total 76800K, used 36834K [0x00000000c0000000, 0x0000000100000000)
  region size 1024K, 0 young (0K), 0 survivors (0K)
 Metaspace       used 58912K, committed 59456K, reserved 1114112K
  class space    used 7316K, committed 7552K, reserved 1048576K
}
Event: 453.425 GC heap before
{Heap before GC invocations=53 (full 35):
 garbage-first heap   total 76800K, used 36834K [0x00000000c0000000, 0x0000000100000000)
  region size 1024K, 1 young (1024K), 0 survivors (0K)
 Metaspace       used 58912K, committed 59456K, reserved 1114112K
  class space    used 7316K, committed 7552K, reserved 1048576K
}
Event: 453.459 GC heap after
{Heap after GC invocations=54 (full 36):
 garbage-first heap   total 76800K, used 36834K [0x00000000c0000000, 0x0000000100000000)
  region size 1024K, 0 young (0K), 0 survivors (0K)
 Metaspace       used 58912K, committed 59456K, reserved 1114112K
  class space    used 7316K, committed 7552K, reserved 1048576K
}
Event: 503.635 GC heap before
{Heap before GC invocations=54 (full 36):
 garbage-first heap   total 76800K, used 39906K [0x00000000c0000000, 0x0000000100000000)
  region size 1024K, 4 young (4096K), 0 survivors (0K)
 Metaspace       used 58923K, committed 59456K, reserved 1114112K
  class space    used 7320K, committed 7552K, reserved 1048576K
}
Event: 503.665 GC heap after
{Heap after GC invocations=55 (full 37):
 garbage-first heap   total 76800K, used 36493K [0x00000000c0000000, 0x0000000100000000)
  region size 1024K, 0 young (0K), 0 survivors (0K)
 Metaspace       used 58923K, committed 59456K, reserved 1114112K
  class space    used 7320K, committed 7552K, reserved 1048576K
}
Event: 513.800 GC heap before
{Heap before GC invocations=55 (full 37):
 garbage-first heap   total 76800K, used 36493K [0x00000000c0000000, 0x0000000100000000)
  region size 1024K, 1 young (1024K), 0 survivors (0K)
 Metaspace       used 58923K, committed 59456K, reserved 1114112K
  class space    used 7320K, committed 7552K, reserved 1048576K
}
Event: 513.832 GC heap after
{Heap after GC invocations=56 (full 38):
 garbage-first heap   total 76800K, used 36326K [0x00000000c0000000, 0x0000000100000000)
  region size 1024K, 0 young (0K), 0 survivors (0K)
 Metaspace       used 58923K, committed 59456K, reserved 1114112K
  class space    used 7320K, committed 7552K, reserved 1048576K
}
Event: 523.950 GC heap before
{Heap before GC invocations=56 (full 38):
 garbage-first heap   total 76800K, used 36326K [0x00000000c0000000, 0x0000000100000000)
  region size 1024K, 1 young (1024K), 0 survivors (0K)
 Metaspace       used 58923K, committed 59456K, reserved 1114112K
  class space    used 7320K, committed 7552K, reserved 1048576K
}
Event: 523.980 GC heap after
{Heap after GC invocations=57 (full 39):
 garbage-first heap   total 76800K, used 36320K [0x00000000c0000000, 0x0000000100000000)
  region size 1024K, 0 young (0K), 0 survivors (0K)
 Metaspace       used 58923K, committed 59456K, reserved 1114112K
  class space    used 7320K, committed 7552K, reserved 1048576K
}
Event: 534.089 GC heap before
{Heap before GC invocations=57 (full 39):
 garbage-first heap   total 76800K, used 36320K [0x00000000c0000000, 0x0000000100000000)
  region size 1024K, 1 young (1024K), 0 survivors (0K)
 Metaspace       used 58923K, committed 59456K, reserved 1114112K
  class space    used 7320K, committed 7552K, reserved 1048576K
}
Event: 534.120 GC heap after
{Heap after GC invocations=58 (full 40):
 garbage-first heap   total 76800K, used 36319K [0x00000000c0000000, 0x0000000100000000)
  region size 1024K, 0 young (0K), 0 survivors (0K)
 Metaspace       used 58923K, committed 59456K, reserved 1114112K
  class space    used 7320K, committed 7552K, reserved 1048576K
}
Event: 544.221 GC heap before
{Heap before GC invocations=58 (full 40):
 garbage-first heap   total 76800K, used 36319K [0x00000000c0000000, 0x0000000100000000)
  region size 1024K, 1 young (1024K), 0 survivors (0K)
 Metaspace       used 58923K, committed 59456K, reserved 1114112K
  class space    used 7320K, committed 7552K, reserved 1048576K
}
Event: 544.247 GC heap after
{Heap after GC invocations=59 (full 41):
 garbage-first heap   total 76800K, used 36319K [0x00000000c0000000, 0x0000000100000000)
  region size 1024K, 0 young (0K), 0 survivors (0K)
 Metaspace       used 58923K, committed 59456K, reserved 1114112K
  class space    used 7320K, committed 7552K, reserved 1048576K
}

