# JRE version: OpenJDK Runtime Environment Temurin-17.0.11+9 (17.0.11+9) (build 17.0.11+9)
# Java VM: OpenJDK 64-Bit Server VM Temurin-17.0.11+9 (17.0.11+9, mixed mode, emulated-client, tiered, compressed oops, compressed class ptrs, g1 gc, windows-amd64)
GC Precious Log:
 CPUs: 12 total, 12 available
 Memory: 7562M
 Large Page Support: Disabled
 NUMA Support: Disabled
 Compressed Oops: Enabled (32-bit)
 Heap Region Size: 1M
 Heap Min Capacity: 8M
 Heap Initial Capacity: 120M
 Heap Max Capacity: 1G
 Pre-touch: Disabled
 Parallel Workers: 10
 Concurrent Workers: 3
 Concurrent Refinement Workers: 10
 Periodic GC: Disabled
Heap:
 garbage-first heap   total 116736K, used 33622K [0x00000000c0000000, 0x0000000100000000)
  region size 1024K, 1 young (1024K), 0 survivors (0K)
 Metaspace       used 61618K, committed 62336K, reserved 1114112K
  class space    used 7786K, committed 8128K, reserved 1048576K
GC Heap History (20 events):
Event: 683.128 GC heap before
{Heap before GC invocations=63 (full 47):
 garbage-first heap   total 116736K, used 33623K [0x00000000c0000000, 0x0000000100000000)
  region size 1024K, 1 young (1024K), 0 survivors (0K)
 Metaspace       used 61618K, committed 62336K, reserved 1114112K
  class space    used 7786K, committed 8128K, reserved 1048576K
}
Event: 683.173 GC heap after
{Heap after GC invocations=64 (full 48):
 garbage-first heap   total 116736K, used 33623K [0x00000000c0000000, 0x0000000100000000)
  region size 1024K, 0 young (0K), 0 survivors (0K)
 Metaspace       used 61618K, committed 62336K, reserved 1114112K
  class space    used 7786K, committed 8128K, reserved 1048576K
}
Event: 693.314 GC heap before
{Heap before GC invocations=64 (full 48):
 garbage-first heap   total 116736K, used 33623K [0x00000000c0000000, 0x0000000100000000)
  region size 1024K, 1 young (1024K), 0 survivors (0K)
 Metaspace       used 61618K, committed 62336K, reserved 1114112K
  class space    used 7786K, committed 8128K, reserved 1048576K
}
Event: 693.354 GC heap after
{Heap after GC invocations=65 (full 49):
 garbage-first heap   total 116736K, used 33623K [0x00000000c0000000, 0x0000000100000000)
  region size 1024K, 0 young (0K), 0 survivors (0K)
 Metaspace       used 61618K, committed 62336K, reserved 1114112K
  class space    used 7786K, committed 8128K, reserved 1048576K
}
Event: 705.441 GC heap before
{Heap before GC invocations=65 (full 49):
 garbage-first heap   total 116736K, used 33623K [0x00000000c0000000, 0x0000000100000000)
  region size 1024K, 1 young (1024K), 0 survivors (0K)
 Metaspace       used 61618K, committed 62336K, reserved 1114112K
  class space    used 7786K, committed 8128K, reserved 1048576K
}
Event: 705.483 GC heap after
{Heap after GC invocations=66 (full 50):
 garbage-first heap   total 116736K, used 33622K [0x00000000c0000000, 0x0000000100000000)
  region size 1024K, 0 young (0K), 0 survivors (0K)
 Metaspace       used 61618K, committed 62336K, reserved 1114112K
  class space    used 7786K, committed 8128K, reserved 1048576K
}
Event: 715.585 GC heap before
{Heap before GC invocations=66 (full 50):
 garbage-first heap   total 116736K, used 33622K [0x00000000c0000000, 0x0000000100000000)
  region size 1024K, 1 young (1024K), 0 survivors (0K)
 Metaspace       used 61618K, committed 62336K, reserved 1114112K
  class space    used 7786K, committed 8128K, reserved 1048576K
}
Event: 715.616 GC heap after
{Heap after GC invocations=67 (full 51):
 garbage-first heap   total 116736K, used 33622K [0x00000000c0000000, 0x0000000100000000)
  region size 1024K, 0 young (0K), 0 survivors (0K)
 Metaspace       used 61618K, committed 62336K, reserved 1114112K
  class space    used 7786K, committed 8128K, reserved 1048576K
}
Event: 725.711 GC heap before
{Heap before GC invocations=67 (full 51):
 garbage-first heap   total 116736K, used 33622K [0x00000000c0000000, 0x0000000100000000)
  region size 1024K, 1 young (1024K), 0 survivors (0K)
 Metaspace       used 61618K, committed 62336K, reserved 1114112K
  class space    used 7786K, committed 8128K, reserved 1048576K
}
Event: 725.744 GC heap after
{Heap after GC invocations=68 (full 52):
 garbage-first heap   total 116736K, used 33622K [0x00000000c0000000, 0x0000000100000000)
  region size 1024K, 0 young (0K), 0 survivors (0K)
 Metaspace       used 61618K, committed 62336K, reserved 1114112K
  class space    used 7786K, committed 8128K, reserved 1048576K
}
Event: 735.856 GC heap before
{Heap before GC invocations=68 (full 52):
 garbage-first heap   total 116736K, used 33622K [0x00000000c0000000, 0x0000000100000000)
  region size 1024K, 1 young (1024K), 0 survivors (0K)
 Metaspace       used 61618K, committed 62336K, reserved 1114112K
  class space    used 7786K, committed 8128K, reserved 1048576K
}
Event: 735.884 GC heap after
{Heap after GC invocations=69 (full 53):
 garbage-first heap   total 116736K, used 33622K [0x00000000c0000000, 0x0000000100000000)
  region size 1024K, 0 young (0K), 0 survivors (0K)
 Metaspace       used 61618K, committed 62336K, reserved 1114112K
  class space    used 7786K, committed 8128K, reserved 1048576K
}
Event: 745.975 GC heap before
{Heap before GC invocations=69 (full 53):
 garbage-first heap   total 116736K, used 33622K [0x00000000c0000000, 0x0000000100000000)
  region size 1024K, 1 young (1024K), 0 survivors (0K)
 Metaspace       used 61618K, committed 62336K, reserved 1114112K
  class space    used 7786K, committed 8128K, reserved 1048576K
}
Event: 746.000 GC heap after
{Heap after GC invocations=70 (full 54):
 garbage-first heap   total 116736K, used 33622K [0x00000000c0000000, 0x0000000100000000)
  region size 1024K, 0 young (0K), 0 survivors (0K)
 Metaspace       used 61618K, committed 62336K, reserved 1114112K
  class space    used 7786K, committed 8128K, reserved 1048576K
}
Event: 756.096 GC heap before
{Heap before GC invocations=70 (full 54):
 garbage-first heap   total 116736K, used 33622K [0x00000000c0000000, 0x0000000100000000)
  region size 1024K, 1 young (1024K), 0 survivors (0K)
 Metaspace       used 61618K, committed 62336K, reserved 1114112K
  class space    used 7786K, committed 8128K, reserved 1048576K
}
Event: 756.128 GC heap after
{Heap after GC invocations=71 (full 55):
 garbage-first heap   total 116736K, used 33622K [0x00000000c0000000, 0x0000000100000000)
  region size 1024K, 0 young (0K), 0 survivors (0K)
 Metaspace       used 61618K, committed 62336K, reserved 1114112K
  class space    used 7786K, committed 8128K, reserved 1048576K
}
Event: 766.218 GC heap before
{Heap before GC invocations=71 (full 55):
 garbage-first heap   total 116736K, used 33622K [0x00000000c0000000, 0x0000000100000000)
  region size 1024K, 1 young (1024K), 0 survivors (0K)
 Metaspace       used 61618K, committed 62336K, reserved 1114112K
  class space    used 7786K, committed 8128K, reserved 1048576K
}
Event: 766.245 GC heap after
{Heap after GC invocations=72 (full 56):
 garbage-first heap   total 116736K, used 33622K [0x00000000c0000000, 0x0000000100000000)
  region size 1024K, 0 young (0K), 0 survivors (0K)
 Metaspace       used 61618K, committed 62336K, reserved 1114112K
  class space    used 7786K, committed 8128K, reserved 1048576K
}
Event: 776.338 GC heap before
{Heap before GC invocations=72 (full 56):
 garbage-first heap   total 116736K, used 33622K [0x00000000c0000000, 0x0000000100000000)
  region size 1024K, 1 young (1024K), 0 survivors (0K)
 Metaspace       used 61618K, committed 62336K, reserved 1114112K
  class space    used 7786K, committed 8128K, reserved 1048576K
}
Event: 776.370 GC heap after
{Heap after GC invocations=73 (full 57):
 garbage-first heap   total 116736K, used 33622K [0x00000000c0000000, 0x0000000100000000)
  region size 1024K, 0 young (0K), 0 survivors (0K)
 Metaspace       used 61618K, committed 62336K, reserved 1114112K
  class space    used 7786K, committed 8128K, reserved 1048576K
}

