# JRE version: OpenJDK Runtime Environment Temurin-17.0.11+9 (17.0.11+9) (build 17.0.11+9)
# Java VM: OpenJDK 64-Bit Server VM Temurin-17.0.11+9 (17.0.11+9, mixed mode, emulated-client, tiered, compressed oops, compressed class ptrs, g1 gc, windows-amd64)
GC Precious Log:
 CPUs: 12 total, 12 available
 Memory: 7562M
 Large Page Support: Disabled
 NUMA Support: Disabled
 Compressed Oops: Enabled (32-bit)
 Heap Region Size: 1M
 Heap Min Capacity: 8M
 Heap Initial Capacity: 120M
 Heap Max Capacity: 1G
 Pre-touch: Disabled
 Parallel Workers: 10
 Concurrent Workers: 3
 Concurrent Refinement Workers: 10
 Periodic GC: Disabled
Heap:
 garbage-first heap   total 86016K, used 24673K [0x00000000c0000000, 0x0000000100000000)
  region size 1024K, 1 young (1024K), 0 survivors (0K)
 Metaspace       used 39997K, committed 40640K, reserved 1114112K
  class space    used 5293K, committed 5568K, reserved 1048576K
GC Heap History (20 events):
Event: 73.227 GC heap before
{Heap before GC invocations=13 (full 3):
 garbage-first heap   total 99328K, used 28339K [0x00000000c0000000, 0x0000000100000000)
  region size 1024K, 1 young (1024K), 0 survivors (0K)
 Metaspace       used 40149K, committed 40640K, reserved 1114112K
  class space    used 5331K, committed 5568K, reserved 1048576K
}
Event: 73.245 GC heap after
{Heap after GC invocations=14 (full 4):
 garbage-first heap   total 99328K, used 28339K [0x00000000c0000000, 0x0000000100000000)
  region size 1024K, 0 young (0K), 0 survivors (0K)
 Metaspace       used 40149K, committed 40640K, reserved 1114112K
  class space    used 5331K, committed 5568K, reserved 1048576K
}
Event: 83.323 GC heap before
{Heap before GC invocations=14 (full 4):
 garbage-first heap   total 99328K, used 28339K [0x00000000c0000000, 0x0000000100000000)
  region size 1024K, 1 young (1024K), 0 survivors (0K)
 Metaspace       used 40149K, committed 40640K, reserved 1114112K
  class space    used 5331K, committed 5568K, reserved 1048576K
}
Event: 83.351 GC heap after
{Heap after GC invocations=15 (full 5):
 garbage-first heap   total 86016K, used 24673K [0x00000000c0000000, 0x0000000100000000)
  region size 1024K, 0 young (0K), 0 survivors (0K)
 Metaspace       used 39997K, committed 40640K, reserved 1114112K
  class space    used 5293K, committed 5568K, reserved 1048576K
}
Event: 93.452 GC heap before
{Heap before GC invocations=15 (full 5):
 garbage-first heap   total 86016K, used 24673K [0x00000000c0000000, 0x0000000100000000)
  region size 1024K, 1 young (1024K), 0 survivors (0K)
 Metaspace       used 39997K, committed 40640K, reserved 1114112K
  class space    used 5293K, committed 5568K, reserved 1048576K
}
Event: 93.468 GC heap after
{Heap after GC invocations=16 (full 6):
 garbage-first heap   total 86016K, used 24673K [0x00000000c0000000, 0x0000000100000000)
  region size 1024K, 0 young (0K), 0 survivors (0K)
 Metaspace       used 39997K, committed 40640K, reserved 1114112K
  class space    used 5293K, committed 5568K, reserved 1048576K
}
Event: 103.550 GC heap before
{Heap before GC invocations=16 (full 6):
 garbage-first heap   total 86016K, used 24673K [0x00000000c0000000, 0x0000000100000000)
  region size 1024K, 1 young (1024K), 0 survivors (0K)
 Metaspace       used 39997K, committed 40640K, reserved 1114112K
  class space    used 5293K, committed 5568K, reserved 1048576K
}
Event: 103.567 GC heap after
{Heap after GC invocations=17 (full 7):
 garbage-first heap   total 86016K, used 24673K [0x00000000c0000000, 0x0000000100000000)
  region size 1024K, 0 young (0K), 0 survivors (0K)
 Metaspace       used 39997K, committed 40640K, reserved 1114112K
  class space    used 5293K, committed 5568K, reserved 1048576K
}
Event: 113.668 GC heap before
{Heap before GC invocations=17 (full 7):
 garbage-first heap   total 86016K, used 24673K [0x00000000c0000000, 0x0000000100000000)
  region size 1024K, 1 young (1024K), 0 survivors (0K)
 Metaspace       used 39997K, committed 40640K, reserved 1114112K
  class space    used 5293K, committed 5568K, reserved 1048576K
}
Event: 113.681 GC heap after
{Heap after GC invocations=18 (full 8):
 garbage-first heap   total 86016K, used 24673K [0x00000000c0000000, 0x0000000100000000)
  region size 1024K, 0 young (0K), 0 survivors (0K)
 Metaspace       used 39997K, committed 40640K, reserved 1114112K
  class space    used 5293K, committed 5568K, reserved 1048576K
}
Event: 123.777 GC heap before
{Heap before GC invocations=18 (full 8):
 garbage-first heap   total 86016K, used 24673K [0x00000000c0000000, 0x0000000100000000)
  region size 1024K, 1 young (1024K), 0 survivors (0K)
 Metaspace       used 39997K, committed 40640K, reserved 1114112K
  class space    used 5293K, committed 5568K, reserved 1048576K
}
Event: 123.794 GC heap after
{Heap after GC invocations=19 (full 9):
 garbage-first heap   total 86016K, used 24673K [0x00000000c0000000, 0x0000000100000000)
  region size 1024K, 0 young (0K), 0 survivors (0K)
 Metaspace       used 39997K, committed 40640K, reserved 1114112K
  class space    used 5293K, committed 5568K, reserved 1048576K
}
Event: 133.908 GC heap before
{Heap before GC invocations=19 (full 9):
 garbage-first heap   total 86016K, used 24673K [0x00000000c0000000, 0x0000000100000000)
  region size 1024K, 1 young (1024K), 0 survivors (0K)
 Metaspace       used 39997K, committed 40640K, reserved 1114112K
  class space    used 5293K, committed 5568K, reserved 1048576K
}
Event: 133.926 GC heap after
{Heap after GC invocations=20 (full 10):
 garbage-first heap   total 86016K, used 24673K [0x00000000c0000000, 0x0000000100000000)
  region size 1024K, 0 young (0K), 0 survivors (0K)
 Metaspace       used 39997K, committed 40640K, reserved 1114112K
  class space    used 5293K, committed 5568K, reserved 1048576K
}
Event: 144.011 GC heap before
{Heap before GC invocations=20 (full 10):
 garbage-first heap   total 86016K, used 24673K [0x00000000c0000000, 0x0000000100000000)
  region size 1024K, 1 young (1024K), 0 survivors (0K)
 Metaspace       used 39997K, committed 40640K, reserved 1114112K
  class space    used 5293K, committed 5568K, reserved 1048576K
}
Event: 144.025 GC heap after
{Heap after GC invocations=21 (full 11):
 garbage-first heap   total 86016K, used 24673K [0x00000000c0000000, 0x0000000100000000)
  region size 1024K, 0 young (0K), 0 survivors (0K)
 Metaspace       used 39997K, committed 40640K, reserved 1114112K
  class space    used 5293K, committed 5568K, reserved 1048576K
}
Event: 154.128 GC heap before
{Heap before GC invocations=21 (full 11):
 garbage-first heap   total 86016K, used 24673K [0x00000000c0000000, 0x0000000100000000)
  region size 1024K, 1 young (1024K), 0 survivors (0K)
 Metaspace       used 39997K, committed 40640K, reserved 1114112K
  class space    used 5293K, committed 5568K, reserved 1048576K
}
Event: 154.145 GC heap after
{Heap after GC invocations=22 (full 12):
 garbage-first heap   total 86016K, used 24673K [0x00000000c0000000, 0x0000000100000000)
  region size 1024K, 0 young (0K), 0 survivors (0K)
 Metaspace       used 39997K, committed 40640K, reserved 1114112K
  class space    used 5293K, committed 5568K, reserved 1048576K
}
Event: 164.243 GC heap before
{Heap before GC invocations=22 (full 12):
 garbage-first heap   total 86016K, used 24673K [0x00000000c0000000, 0x0000000100000000)
  region size 1024K, 1 young (1024K), 0 survivors (0K)
 Metaspace       used 39997K, committed 40640K, reserved 1114112K
  class space    used 5293K, committed 5568K, reserved 1048576K
}
Event: 164.256 GC heap after
{Heap after GC invocations=23 (full 13):
 garbage-first heap   total 86016K, used 24673K [0x00000000c0000000, 0x0000000100000000)
  region size 1024K, 0 young (0K), 0 survivors (0K)
 Metaspace       used 39997K, committed 40640K, reserved 1114112K
  class space    used 5293K, committed 5568K, reserved 1048576K
}

